{"contracts\\DEX.sol":{"l":{"28":140,"29":139,"30":138,"31":138,"43":39,"45":36,"46":36,"48":36,"49":30,"50":30,"51":30,"52":30,"55":6,"56":4,"57":4,"58":4,"59":4,"62":34,"63":34,"65":34,"77":8,"78":7,"79":4,"81":4,"82":4,"84":4,"85":4,"87":4,"88":4,"90":4,"91":4,"93":4,"104":16,"106":14,"108":14,"109":13,"111":13,"112":13,"114":13,"116":13,"127":7,"129":5,"131":5,"132":4,"134":4,"135":4,"137":4,"139":4,"145":4,"146":3,"153":15,"164":30,"165":27,"167":21,"168":21,"169":21,"170":21,"174":33,"175":32,"176":32,"177":32,"178":2108,"179":2108,"187":3},"path":"C:\\Users\\prasa\\OneDrive\\Documents\\automated-market-maker-dex\\contracts\\DEX.sol","s":{"1":140,"2":139,"3":39,"4":36,"5":36,"6":36,"7":30,"8":6,"9":4,"10":34,"11":8,"12":7,"13":4,"14":4,"15":4,"16":4,"17":16,"18":14,"19":13,"20":13,"21":13,"22":7,"23":5,"24":4,"25":4,"26":4,"27":4,"28":1,"29":3,"30":15,"31":30,"32":27,"33":21,"34":21,"35":21,"36":33,"37":1,"38":32,"39":32,"40":3},"b":{"1":[139,1],"2":[138,1],"3":[39,0],"4":[36,3],"5":[30,6],"6":[30,0],"7":[4,2],"8":[4,0],"9":[8,0],"10":[7,1],"11":[4,3],"12":[4,0],"13":[16,0],"14":[14,2],"15":[13,0],"16":[7,0],"17":[5,2],"18":[4,0],"19":[1,3],"20":[27,3],"21":[21,6],"22":[1,32]},"f":{"1":140,"2":39,"3":8,"4":16,"5":7,"6":4,"7":15,"8":30,"9":33,"10":3},"fnMap":{"1":{"name":"constructor","line":27,"loc":{"start":{"line":27,"column":4},"end":{"line":32,"column":4}}},"2":{"name":"addLiquidity","line":40,"loc":{"start":{"line":38,"column":4},"end":{"line":66,"column":4}}},"3":{"name":"removeLiquidity","line":74,"loc":{"start":{"line":72,"column":4},"end":{"line":94,"column":4}}},"4":{"name":"swapAForB","line":101,"loc":{"start":{"line":99,"column":4},"end":{"line":117,"column":4}}},"5":{"name":"swapBForA","line":124,"loc":{"start":{"line":122,"column":4},"end":{"line":140,"column":4}}},"6":{"name":"getPrice","line":144,"loc":{"start":{"line":144,"column":4},"end":{"line":147,"column":4}}},"7":{"name":"getReserves","line":152,"loc":{"start":{"line":152,"column":4},"end":{"line":154,"column":4}}},"8":{"name":"getAmountOut","line":159,"loc":{"start":{"line":159,"column":4},"end":{"line":171,"column":4}}},"9":{"name":"_sqrt","line":173,"loc":{"start":{"line":173,"column":4},"end":{"line":181,"column":4}}},"10":{"name":"testSqrt","line":186,"loc":{"start":{"line":186,"column":4},"end":{"line":188,"column":4}}}},"statementMap":{"1":{"start":{"line":28,"column":8},"end":{"line":28,"column":89}},"2":{"start":{"line":29,"column":8},"end":{"line":29,"column":62}},"3":{"start":{"line":43,"column":8},"end":{"line":43,"column":65}},"4":{"start":{"line":45,"column":8},"end":{"line":45,"column":74}},"5":{"start":{"line":46,"column":8},"end":{"line":46,"column":74}},"6":{"start":{"line":48,"column":8},"end":{"line":48,"column":1928}},"7":{"start":{"line":50,"column":12},"end":{"line":50,"column":72}},"8":{"start":{"line":55,"column":12},"end":{"line":55,"column":78}},"9":{"start":{"line":57,"column":12},"end":{"line":57,"column":72}},"10":{"start":{"line":65,"column":8},"end":{"line":65,"column":74}},"11":{"start":{"line":77,"column":8},"end":{"line":77,"column":57}},"12":{"start":{"line":78,"column":8},"end":{"line":78,"column":88}},"13":{"start":{"line":79,"column":8},"end":{"line":79,"column":50}},"14":{"start":{"line":90,"column":8},"end":{"line":90,"column":55}},"15":{"start":{"line":91,"column":8},"end":{"line":91,"column":55}},"16":{"start":{"line":93,"column":8},"end":{"line":93,"column":76}},"17":{"start":{"line":104,"column":8},"end":{"line":104,"column":51}},"18":{"start":{"line":106,"column":8},"end":{"line":106,"column":76}},"19":{"start":{"line":109,"column":8},"end":{"line":109,"column":86}},"20":{"start":{"line":114,"column":8},"end":{"line":114,"column":58}},"21":{"start":{"line":116,"column":8},"end":{"line":116,"column":68}},"22":{"start":{"line":127,"column":8},"end":{"line":127,"column":51}},"23":{"start":{"line":129,"column":8},"end":{"line":129,"column":76}},"24":{"start":{"line":132,"column":8},"end":{"line":132,"column":86}},"25":{"start":{"line":137,"column":8},"end":{"line":137,"column":58}},"26":{"start":{"line":139,"column":8},"end":{"line":139,"column":68}},"27":{"start":{"line":145,"column":8},"end":{"line":145,"column":35}},"28":{"start":{"line":145,"column":27},"end":{"line":145,"column":35}},"29":{"start":{"line":146,"column":8},"end":{"line":146,"column":34}},"30":{"start":{"line":153,"column":8},"end":{"line":153,"column":35}},"31":{"start":{"line":164,"column":8},"end":{"line":164,"column":58}},"32":{"start":{"line":165,"column":8},"end":{"line":165,"column":73}},"33":{"start":{"line":167,"column":8},"end":{"line":167,"column":49}},"34":{"start":{"line":168,"column":8},"end":{"line":168,"column":56}},"35":{"start":{"line":169,"column":8},"end":{"line":169,"column":66}},"36":{"start":{"line":174,"column":8},"end":{"line":174,"column":28}},"37":{"start":{"line":174,"column":20},"end":{"line":174,"column":28}},"38":{"start":{"line":175,"column":8},"end":{"line":175,"column":29}},"39":{"start":{"line":177,"column":8},"end":{"line":177,"column":6865}},"40":{"start":{"line":187,"column":8},"end":{"line":187,"column":23}}},"branchMap":{"1":{"line":28,"type":"if","locations":[{"start":{"line":28,"column":8},"end":{"line":28,"column":8}},{"start":{"line":28,"column":8},"end":{"line":28,"column":8}}]},"2":{"line":29,"type":"if","locations":[{"start":{"line":29,"column":8},"end":{"line":29,"column":8}},{"start":{"line":29,"column":8},"end":{"line":29,"column":8}}]},"3":{"line":40,"type":"if","locations":[{"start":{"line":40,"column":8},"end":{"line":40,"column":8}},{"start":{"line":40,"column":8},"end":{"line":40,"column":8}}]},"4":{"line":43,"type":"if","locations":[{"start":{"line":43,"column":8},"end":{"line":43,"column":8}},{"start":{"line":43,"column":8},"end":{"line":43,"column":8}}]},"5":{"line":48,"type":"if","locations":[{"start":{"line":48,"column":8},"end":{"line":48,"column":8}},{"start":{"line":48,"column":8},"end":{"line":48,"column":8}}]},"6":{"line":50,"type":"if","locations":[{"start":{"line":50,"column":12},"end":{"line":50,"column":12}},{"start":{"line":50,"column":12},"end":{"line":50,"column":12}}]},"7":{"line":55,"type":"if","locations":[{"start":{"line":55,"column":12},"end":{"line":55,"column":12}},{"start":{"line":55,"column":12},"end":{"line":55,"column":12}}]},"8":{"line":57,"type":"if","locations":[{"start":{"line":57,"column":12},"end":{"line":57,"column":12}},{"start":{"line":57,"column":12},"end":{"line":57,"column":12}}]},"9":{"line":74,"type":"if","locations":[{"start":{"line":74,"column":8},"end":{"line":74,"column":8}},{"start":{"line":74,"column":8},"end":{"line":74,"column":8}}]},"10":{"line":77,"type":"if","locations":[{"start":{"line":77,"column":8},"end":{"line":77,"column":8}},{"start":{"line":77,"column":8},"end":{"line":77,"column":8}}]},"11":{"line":78,"type":"if","locations":[{"start":{"line":78,"column":8},"end":{"line":78,"column":8}},{"start":{"line":78,"column":8},"end":{"line":78,"column":8}}]},"12":{"line":79,"type":"if","locations":[{"start":{"line":79,"column":8},"end":{"line":79,"column":8}},{"start":{"line":79,"column":8},"end":{"line":79,"column":8}}]},"13":{"line":101,"type":"if","locations":[{"start":{"line":101,"column":8},"end":{"line":101,"column":8}},{"start":{"line":101,"column":8},"end":{"line":101,"column":8}}]},"14":{"line":104,"type":"if","locations":[{"start":{"line":104,"column":8},"end":{"line":104,"column":8}},{"start":{"line":104,"column":8},"end":{"line":104,"column":8}}]},"15":{"line":109,"type":"if","locations":[{"start":{"line":109,"column":8},"end":{"line":109,"column":8}},{"start":{"line":109,"column":8},"end":{"line":109,"column":8}}]},"16":{"line":124,"type":"if","locations":[{"start":{"line":124,"column":8},"end":{"line":124,"column":8}},{"start":{"line":124,"column":8},"end":{"line":124,"column":8}}]},"17":{"line":127,"type":"if","locations":[{"start":{"line":127,"column":8},"end":{"line":127,"column":8}},{"start":{"line":127,"column":8},"end":{"line":127,"column":8}}]},"18":{"line":132,"type":"if","locations":[{"start":{"line":132,"column":8},"end":{"line":132,"column":8}},{"start":{"line":132,"column":8},"end":{"line":132,"column":8}}]},"19":{"line":145,"type":"if","locations":[{"start":{"line":145,"column":8},"end":{"line":145,"column":8}},{"start":{"line":145,"column":8},"end":{"line":145,"column":8}}]},"20":{"line":164,"type":"if","locations":[{"start":{"line":164,"column":8},"end":{"line":164,"column":8}},{"start":{"line":164,"column":8},"end":{"line":164,"column":8}}]},"21":{"line":165,"type":"if","locations":[{"start":{"line":165,"column":8},"end":{"line":165,"column":8}},{"start":{"line":165,"column":8},"end":{"line":165,"column":8}}]},"22":{"line":174,"type":"if","locations":[{"start":{"line":174,"column":8},"end":{"line":174,"column":8}},{"start":{"line":174,"column":8},"end":{"line":174,"column":8}}]}}},"contracts\\MockERC20.sol":{"l":{"8":276,"13":134},"path":"C:\\Users\\prasa\\OneDrive\\Documents\\automated-market-maker-dex\\contracts\\MockERC20.sol","s":{"1":276,"2":134},"b":{},"f":{"1":276,"2":134},"fnMap":{"1":{"name":"constructor","line":7,"loc":{"start":{"line":7,"column":4},"end":{"line":9,"column":4}}},"2":{"name":"mint","line":12,"loc":{"start":{"line":12,"column":4},"end":{"line":14,"column":4}}}},"statementMap":{"1":{"start":{"line":8,"column":8},"end":{"line":8,"column":42}},"2":{"start":{"line":13,"column":8},"end":{"line":13,"column":24}}},"branchMap":{}}}