{"contracts\\DEX.sol":{"l":{"28":81,"29":81,"30":81,"31":81,"43":29,"45":28,"46":28,"48":28,"49":25,"50":25,"51":25,"52":25,"55":3,"56":2,"57":2,"58":2,"59":2,"62":27,"63":27,"65":27,"77":6,"78":6,"79":4,"81":4,"82":4,"84":4,"85":4,"87":4,"88":4,"90":4,"91":4,"93":4,"104":12,"106":11,"108":11,"109":11,"111":11,"112":11,"114":11,"116":11,"127":4,"129":3,"131":3,"132":3,"134":3,"135":3,"137":3,"139":3,"145":4,"146":3,"153":12,"164":18,"165":18,"167":18,"168":18,"169":18,"170":18,"174":25,"175":25,"176":25,"177":25,"178":1750,"179":1750},"path":"C:\\Users\\prasa\\OneDrive\\Documents\\automated-market-maker-dex\\contracts\\DEX.sol","s":{"1":81,"2":81,"3":29,"4":28,"5":28,"6":28,"7":25,"8":3,"9":2,"10":27,"11":6,"12":6,"13":4,"14":4,"15":4,"16":4,"17":12,"18":11,"19":11,"20":11,"21":11,"22":4,"23":3,"24":3,"25":3,"26":3,"27":4,"28":1,"29":3,"30":12,"31":18,"32":18,"33":18,"34":18,"35":18,"36":25,"37":0,"38":25,"39":25},"b":{"1":[81,0],"2":[81,0],"3":[29,0],"4":[28,1],"5":[25,3],"6":[25,0],"7":[2,1],"8":[2,0],"9":[6,0],"10":[6,0],"11":[4,2],"12":[4,0],"13":[12,0],"14":[11,1],"15":[11,0],"16":[4,0],"17":[3,1],"18":[3,0],"19":[1,3],"20":[18,0],"21":[18,0],"22":[0,25]},"f":{"1":81,"2":29,"3":6,"4":12,"5":4,"6":4,"7":12,"8":18,"9":25},"fnMap":{"1":{"name":"constructor","line":27,"loc":{"start":{"line":27,"column":4},"end":{"line":32,"column":4}}},"2":{"name":"addLiquidity","line":40,"loc":{"start":{"line":38,"column":4},"end":{"line":66,"column":4}}},"3":{"name":"removeLiquidity","line":74,"loc":{"start":{"line":72,"column":4},"end":{"line":94,"column":4}}},"4":{"name":"swapAForB","line":101,"loc":{"start":{"line":99,"column":4},"end":{"line":117,"column":4}}},"5":{"name":"swapBForA","line":124,"loc":{"start":{"line":122,"column":4},"end":{"line":140,"column":4}}},"6":{"name":"getPrice","line":144,"loc":{"start":{"line":144,"column":4},"end":{"line":147,"column":4}}},"7":{"name":"getReserves","line":152,"loc":{"start":{"line":152,"column":4},"end":{"line":154,"column":4}}},"8":{"name":"getAmountOut","line":159,"loc":{"start":{"line":159,"column":4},"end":{"line":171,"column":4}}},"9":{"name":"_sqrt","line":173,"loc":{"start":{"line":173,"column":4},"end":{"line":181,"column":4}}}},"statementMap":{"1":{"start":{"line":28,"column":8},"end":{"line":28,"column":89}},"2":{"start":{"line":29,"column":8},"end":{"line":29,"column":62}},"3":{"start":{"line":43,"column":8},"end":{"line":43,"column":65}},"4":{"start":{"line":45,"column":8},"end":{"line":45,"column":74}},"5":{"start":{"line":46,"column":8},"end":{"line":46,"column":74}},"6":{"start":{"line":48,"column":8},"end":{"line":48,"column":1928}},"7":{"start":{"line":50,"column":12},"end":{"line":50,"column":72}},"8":{"start":{"line":55,"column":12},"end":{"line":55,"column":78}},"9":{"start":{"line":57,"column":12},"end":{"line":57,"column":72}},"10":{"start":{"line":65,"column":8},"end":{"line":65,"column":74}},"11":{"start":{"line":77,"column":8},"end":{"line":77,"column":57}},"12":{"start":{"line":78,"column":8},"end":{"line":78,"column":88}},"13":{"start":{"line":79,"column":8},"end":{"line":79,"column":50}},"14":{"start":{"line":90,"column":8},"end":{"line":90,"column":55}},"15":{"start":{"line":91,"column":8},"end":{"line":91,"column":55}},"16":{"start":{"line":93,"column":8},"end":{"line":93,"column":76}},"17":{"start":{"line":104,"column":8},"end":{"line":104,"column":51}},"18":{"start":{"line":106,"column":8},"end":{"line":106,"column":76}},"19":{"start":{"line":109,"column":8},"end":{"line":109,"column":86}},"20":{"start":{"line":114,"column":8},"end":{"line":114,"column":58}},"21":{"start":{"line":116,"column":8},"end":{"line":116,"column":68}},"22":{"start":{"line":127,"column":8},"end":{"line":127,"column":51}},"23":{"start":{"line":129,"column":8},"end":{"line":129,"column":76}},"24":{"start":{"line":132,"column":8},"end":{"line":132,"column":86}},"25":{"start":{"line":137,"column":8},"end":{"line":137,"column":58}},"26":{"start":{"line":139,"column":8},"end":{"line":139,"column":68}},"27":{"start":{"line":145,"column":8},"end":{"line":145,"column":35}},"28":{"start":{"line":145,"column":27},"end":{"line":145,"column":35}},"29":{"start":{"line":146,"column":8},"end":{"line":146,"column":34}},"30":{"start":{"line":153,"column":8},"end":{"line":153,"column":35}},"31":{"start":{"line":164,"column":8},"end":{"line":164,"column":58}},"32":{"start":{"line":165,"column":8},"end":{"line":165,"column":73}},"33":{"start":{"line":167,"column":8},"end":{"line":167,"column":49}},"34":{"start":{"line":168,"column":8},"end":{"line":168,"column":56}},"35":{"start":{"line":169,"column":8},"end":{"line":169,"column":66}},"36":{"start":{"line":174,"column":8},"end":{"line":174,"column":28}},"37":{"start":{"line":174,"column":20},"end":{"line":174,"column":28}},"38":{"start":{"line":175,"column":8},"end":{"line":175,"column":29}},"39":{"start":{"line":177,"column":8},"end":{"line":177,"column":6865}}},"branchMap":{"1":{"line":28,"type":"if","locations":[{"start":{"line":28,"column":8},"end":{"line":28,"column":8}},{"start":{"line":28,"column":8},"end":{"line":28,"column":8}}]},"2":{"line":29,"type":"if","locations":[{"start":{"line":29,"column":8},"end":{"line":29,"column":8}},{"start":{"line":29,"column":8},"end":{"line":29,"column":8}}]},"3":{"line":40,"type":"if","locations":[{"start":{"line":40,"column":8},"end":{"line":40,"column":8}},{"start":{"line":40,"column":8},"end":{"line":40,"column":8}}]},"4":{"line":43,"type":"if","locations":[{"start":{"line":43,"column":8},"end":{"line":43,"column":8}},{"start":{"line":43,"column":8},"end":{"line":43,"column":8}}]},"5":{"line":48,"type":"if","locations":[{"start":{"line":48,"column":8},"end":{"line":48,"column":8}},{"start":{"line":48,"column":8},"end":{"line":48,"column":8}}]},"6":{"line":50,"type":"if","locations":[{"start":{"line":50,"column":12},"end":{"line":50,"column":12}},{"start":{"line":50,"column":12},"end":{"line":50,"column":12}}]},"7":{"line":55,"type":"if","locations":[{"start":{"line":55,"column":12},"end":{"line":55,"column":12}},{"start":{"line":55,"column":12},"end":{"line":55,"column":12}}]},"8":{"line":57,"type":"if","locations":[{"start":{"line":57,"column":12},"end":{"line":57,"column":12}},{"start":{"line":57,"column":12},"end":{"line":57,"column":12}}]},"9":{"line":74,"type":"if","locations":[{"start":{"line":74,"column":8},"end":{"line":74,"column":8}},{"start":{"line":74,"column":8},"end":{"line":74,"column":8}}]},"10":{"line":77,"type":"if","locations":[{"start":{"line":77,"column":8},"end":{"line":77,"column":8}},{"start":{"line":77,"column":8},"end":{"line":77,"column":8}}]},"11":{"line":78,"type":"if","locations":[{"start":{"line":78,"column":8},"end":{"line":78,"column":8}},{"start":{"line":78,"column":8},"end":{"line":78,"column":8}}]},"12":{"line":79,"type":"if","locations":[{"start":{"line":79,"column":8},"end":{"line":79,"column":8}},{"start":{"line":79,"column":8},"end":{"line":79,"column":8}}]},"13":{"line":101,"type":"if","locations":[{"start":{"line":101,"column":8},"end":{"line":101,"column":8}},{"start":{"line":101,"column":8},"end":{"line":101,"column":8}}]},"14":{"line":104,"type":"if","locations":[{"start":{"line":104,"column":8},"end":{"line":104,"column":8}},{"start":{"line":104,"column":8},"end":{"line":104,"column":8}}]},"15":{"line":109,"type":"if","locations":[{"start":{"line":109,"column":8},"end":{"line":109,"column":8}},{"start":{"line":109,"column":8},"end":{"line":109,"column":8}}]},"16":{"line":124,"type":"if","locations":[{"start":{"line":124,"column":8},"end":{"line":124,"column":8}},{"start":{"line":124,"column":8},"end":{"line":124,"column":8}}]},"17":{"line":127,"type":"if","locations":[{"start":{"line":127,"column":8},"end":{"line":127,"column":8}},{"start":{"line":127,"column":8},"end":{"line":127,"column":8}}]},"18":{"line":132,"type":"if","locations":[{"start":{"line":132,"column":8},"end":{"line":132,"column":8}},{"start":{"line":132,"column":8},"end":{"line":132,"column":8}}]},"19":{"line":145,"type":"if","locations":[{"start":{"line":145,"column":8},"end":{"line":145,"column":8}},{"start":{"line":145,"column":8},"end":{"line":145,"column":8}}]},"20":{"line":164,"type":"if","locations":[{"start":{"line":164,"column":8},"end":{"line":164,"column":8}},{"start":{"line":164,"column":8},"end":{"line":164,"column":8}}]},"21":{"line":165,"type":"if","locations":[{"start":{"line":165,"column":8},"end":{"line":165,"column":8}},{"start":{"line":165,"column":8},"end":{"line":165,"column":8}}]},"22":{"line":174,"type":"if","locations":[{"start":{"line":174,"column":8},"end":{"line":174,"column":8}},{"start":{"line":174,"column":8},"end":{"line":174,"column":8}}]}}},"contracts\\MockERC20.sol":{"l":{"8":162,"13":114},"path":"C:\\Users\\prasa\\OneDrive\\Documents\\automated-market-maker-dex\\contracts\\MockERC20.sol","s":{"1":162,"2":114},"b":{},"f":{"1":162,"2":114},"fnMap":{"1":{"name":"constructor","line":7,"loc":{"start":{"line":7,"column":4},"end":{"line":9,"column":4}}},"2":{"name":"mint","line":12,"loc":{"start":{"line":12,"column":4},"end":{"line":14,"column":4}}}},"statementMap":{"1":{"start":{"line":8,"column":8},"end":{"line":8,"column":42}},"2":{"start":{"line":13,"column":8},"end":{"line":13,"column":24}}},"branchMap":{}}}